[debug] [2022-02-16T13:11:02.171Z] ----------------------------------------------------------------------
[debug] [2022-02-16T13:11:02.175Z] Command:       C:\Program Files\nodejs\node.exe C:\Users\Nazmul Rion\AppData\Roaming\npm\node_modules\firebase-tools\lib\bin\firebase.js init
[debug] [2022-02-16T13:11:02.176Z] CLI Version:   10.2.0
[debug] [2022-02-16T13:11:02.177Z] Platform:      win32
[debug] [2022-02-16T13:11:02.177Z] Node Version:  v16.13.1
[debug] [2022-02-16T13:11:02.179Z] Time:          Wed Feb 16 2022 19:11:02 GMT+0600 (Bangladesh Standard Time)
[debug] [2022-02-16T13:11:02.179Z] ----------------------------------------------------------------------
[debug] 
[debug] [2022-02-16T13:11:02.196Z] > command requires scopes: ["email","openid","https://www.googleapis.com/auth/cloudplatformprojects.readonly","https://www.googleapis.com/auth/firebase","https://www.googleapis.com/auth/cloud-platform"]
[debug] [2022-02-16T13:11:02.197Z] > authorizing via signed-in user (nazmulrion16@gmail.com)
[info] 
     ######## #### ########  ######## ########     ###     ######  ########
     ##        ##  ##     ## ##       ##     ##  ##   ##  ##       ##
     ######    ##  ########  ######   ########  #########  ######  ######
     ##        ##  ##    ##  ##       ##     ## ##     ##       ## ##
     ##       #### ##     ## ######## ########  ##     ##  ######  ########

You're about to initialize a Firebase project in this directory:

  C:\GITHUB\React App\Grabity\grabity

Before we get started, keep in mind:

  * You are currently outside your home directory

